驿站 4
食堂 3
教三 1
学三 2
  -1  -1  -1  -1  -1  -1  -1  -1  -1  -1  -1  -1  -1  -1  -1  -1  -1  -1  -1  -1
  -1  -1  -1  -1  -1  -1  -1  -1  -1  -1  -1  -1  -1  -1  -1  -1  -1  -1  -1  -1
  -1  -1  -1  -1  -1  -1  -1  -1  -1  -1  -1  -1   1  -1  -1  -1  -1  -1  -1  -1
  -1  -1  -1  -1  -1  -1  -1  -1  -1  -1  -1  -1   0  -1  -1  -1  -1  -1  -1  -1
  -1  -1  -1  -1  -1  -1  -1  -1  -1  -1  -1  -1   0  -1  -1  -1  -1  -1  -1  -1
  -1  -1  -1  -1  -1  -1  -1  -1  -1  -1  -1  -1   0  -1  -1  -1  -1  -1  -1  -1
  -1  -1  -1  -1  -1  -1  -1  -1  -1  -1  -1  -1   0  -1  -1  -1  -1  -1  -1  -1
  -1  -1  -1  -1  -1  -1  -1  -1  -1  -1  -1  -1   0  -1  -1  -1  -1  -1  -1  -1
  -1  -1  -1  -1  -1  -1  -1  -1  -1  -1  -1  -1   0  -1  -1  -1  -1  -1  -1  -1
  -1  -1  -1  -1  -1  -1  -1  -1  -1  -1  -1  -1   0  -1  -1  -1  -1  -1  -1  -1
  -1  -1  -1  -1  -1  -1  -1  -1  -1  -1  -1  -1   0  -1  -1  -1  -1  -1  -1  -1
  -1  -1  -1  -1  -1  -1  -1  -1  -1  -1  -1  -1   0  -1  -1  -1  -1  -1  -1  -1
  -1  -1  -1  -1  -1  -1  -1  -1  -1  -1  -1  -1   0  -1  -1  -1  -1  -1  -1  -1
  -1  -1  -1  -1  -1  -1  -1   3   0   0   0   0   2  -1  -1  -1  -1  -1  -1  -1
  -1  -1  -1  -1  -1  -1  -1   0  -1  -1  -1  -1  -1  -1  -1  -1  -1  -1  -1  -1
  -1  -1  -1  -1  -1  -1  -1   0  -1  -1  -1  -1  -1  -1  -1  -1  -1  -1  -1  -1
  -1  -1  -1  -1  -1  -1  -1   0  -1  -1  -1  -1  -1  -1  -1  -1  -1  -1  -1  -1
  -1  -1  -1  -1  -1  -1  -1   0  -1  -1  -1  -1  -1  -1  -1  -1  -1  -1  -1  -1
  -1  -1  -1  -1  -1  -1  -1   0  -1  -1  -1  -1  -1  -1  -1  -1  -1  -1  -1  -1
  -1  -1  -1  -1  -1  -1  -1   4  -1  -1  -1  -1  -1  -1  -1  -1  -1  -1  -1  -1
mkd
马克达 2021210976 1 学三
20
 8点 ~ 10点 学一 101数据结构1
10点 ~ 12点 图书馆 102数据结构2
13点 ~ 15点 打印店 103数据结构3
10点 ~ 12点 学五 201数据结构4
13点 ~ 14点 学三 202数据结构5
15点 ~ 17点 教一 203数据结构6
 8点 ~ 10点 校医院 302数据结构7
10点 ~ 12点 学四 303数据结构8
13点 ~ 15点 学九 301数据结构9
 8点 ~ 10点 教九 401数据结构10
10点 ~ 12点 学十一 402数据结构11
13点 ~ 15点 物美 403数据结构12
16点 ~ 18点 主楼 404数据结构13
 9点 ~ 11点 学八 501数据结构14
11点 ~ 13点 www.shujujiegou.com 0数据结构15
11点 ~ 13点 www.shujujiegou.com 0数据结构15
11点 ~ 13点 www.shujujiegou.com 0数据结构15
11点 ~ 13点 www.shujujiegou.com 0数据结构15
11点 ~ 13点 www.shujujiegou.com 0数据结构15
11点 ~ 13点 www.shujujiegou.com 0数据结构15
myx
毛逸轩 2021210977 2 学三
2
 8点 ~ 10点 学一 101数据结构1
10点 ~ 12点 图书馆 102数据结构2
yzh
杨朝晖 2021210978 3 学三
14
 8点 ~ 10点 校医院 301数据结构7
10点 ~ 12点 学四 302数据结构8
13点 ~ 15点 学九 303数据结构9
 8点 ~ 10点 教九 401数据结构10
10点 ~ 12点 学十一 402数据结构11
13点 ~ 15点 物美 403数据结构12
16点 ~ 18点 主楼 404数据结构13
 9点 ~ 11点 学八 501数据结构14
11点 ~ 13点 www.shujujiegou.com 0数据结构15
11点 ~ 13点 www.shujujiegou.com 0数据结构15
11点 ~ 13点 www.shujujiegou.com 0数据结构15
11点 ~ 13点 www.shujujiegou.com 0数据结构15
11点 ~ 13点 www.shujujiegou.com 0数据结构15
11点 ~ 13点 www.shujujiegou.com 0数据结构15
1
(3,13)
(4,13)
(5,13)
(6,13)
(7,13)
(8,13)
(9,13)
(10,13)
(11,13)
(12,13)
(13,13)
(14,13)
(14,13)

2
(14,13)
(14,12)
(14,11)
(14,10)
(14,9)
(14,8)
(14,8)

3
(3,13)
(4,13)
(5,13)
(6,13)
(7,13)
(8,13)
(9,13)
(10,13)
(11,13)
(12,13)
(13,13)
(14,13)
(14,12)
(14,11)
(14,10)
(14,9)
(14,8)
(15,8)
(16,8)
(17,8)
(18,8)
(19,8)
(20,8)
(20,8)
